<?xml version="1.0" encoding="UTF-8"?>
<!-- Generated by org.testng.reporters.JUnitReportReporter -->
<testsuite hostname="Aftab" failures="0" tests="1" name="runners.TestRunner" time="4.984" errors="0" timestamp="6 Mar 2024 23:32:23 GMT">
  <testcase classname="runners.TestRunner" name="runScenario" time="4.984"/>
</testsuite> <!-- runners.TestRunner -->
