<?xml version="1.0" encoding="UTF-8"?>
<!-- Generated by org.testng.reporters.JUnitReportReporter -->
<testsuite hostname="Aftab" failures="0" tests="2" name="runners.TestRunner" time="0.097" errors="0" timestamp="25 Feb 2024 22:24:59 GMT">
  <testcase classname="runners.TestRunner" name="runScenario" time="0.093"/>
  <testcase classname="runners.TestRunner" name="runScenario" time="0.004"/>
</testsuite> <!-- runners.TestRunner -->
